2025-02-11 23:07:39,741 - Honeypot listening on 0.0.0.0:2222
2025-02-11 23:07:44,718 - Connection from ('127.0.0.1', 54012)
2025-02-11 23:07:44,719 - Connected (version 2.0, client OpenSSH_9.9)
2025-02-11 23:07:44,728 - Auth rejected (none).
2025-02-11 23:07:44,730 - Login attempt adding to DB: bjames with password: None session_id: c349e441ce6ab066
2025-02-11 23:07:44,745 - Login attempt: bjames with public key: AAAAC3NzaC1lZDI1NTE5AAAAIOjd4iFmqlnSDjrTMDVy1BGEvYVfeR+zfegVtnaVRjGl session_id: c349e441ce6ab066
2025-02-11 23:07:44,747 - Login attempt adding to DB: bjames with password: None session_id: c349e441ce6ab066
2025-02-11 23:07:44,748 - Collision in session_id, regenerating...
2025-02-11 23:07:44,748 - Login attempt adding to DB: bjames with password: None session_id: 21fbd39a23263d31
2025-02-11 23:07:49,775 - Unknown exception: database is locked
2025-02-11 23:07:49,779 - Traceback (most recent call last):
2025-02-11 23:07:49,779 -   File "/home/bjames/SSHaskwatch/main.py", line 57, in check_auth_publickey
2025-02-11 23:07:49,779 -     insert_login_data(self.session_id, username, pubkey=self.pubkey)
2025-02-11 23:07:49,779 -     ~~~~~~~~~~~~~~~~~^^^^^^^^^^^^^^^^^^^^^^^^^^^^^^^^^^^^^^^^^^^^^^^
2025-02-11 23:07:49,779 -   File "/home/bjames/SSHaskwatch/db.py", line 62, in insert_login_data
2025-02-11 23:07:49,779 -     c.execute(
2025-02-11 23:07:49,779 -     ~~~~~~~~~^
2025-02-11 23:07:49,779 -         """
2025-02-11 23:07:49,779 -         ^^^
2025-02-11 23:07:49,779 -     ...<2 lines>...
2025-02-11 23:07:49,779 -         (session_id, username, password, pubkey, timestamp),
2025-02-11 23:07:49,779 -         ^^^^^^^^^^^^^^^^^^^^^^^^^^^^^^^^^^^^^^^^^^^^^^^^^^^^
2025-02-11 23:07:49,779 -     )
2025-02-11 23:07:49,779 -     ^
2025-02-11 23:07:49,779 - sqlite3.IntegrityError: UNIQUE constraint failed: login_data.session_id
2025-02-11 23:07:49,779 - 
2025-02-11 23:07:49,779 - During handling of the above exception, another exception occurred:
2025-02-11 23:07:49,779 - 
2025-02-11 23:07:49,779 - Traceback (most recent call last):
2025-02-11 23:07:49,779 -   File "/home/bjames/SSHaskwatch/venv/lib64/python3.13/site-packages/paramiko/transport.py", line 2262, in run
2025-02-11 23:07:49,779 -     handler(m)
2025-02-11 23:07:49,779 -     ~~~~~~~^^^
2025-02-11 23:07:49,779 -   File "/home/bjames/SSHaskwatch/venv/lib64/python3.13/site-packages/paramiko/auth_handler.py", line 632, in _parse_userauth_request
2025-02-11 23:07:49,779 -     result = self.transport.server_object.check_auth_publickey(
2025-02-11 23:07:49,779 -         username, key
2025-02-11 23:07:49,779 -     )
2025-02-11 23:07:49,779 -   File "/home/bjames/SSHaskwatch/main.py", line 64, in check_auth_publickey
2025-02-11 23:07:49,779 -     insert_login_data(self.session_id, username, pubkey=self.pubkey)
2025-02-11 23:07:49,779 -     ~~~~~~~~~~~~~~~~~^^^^^^^^^^^^^^^^^^^^^^^^^^^^^^^^^^^^^^^^^^^^^^^
2025-02-11 23:07:49,779 -   File "/home/bjames/SSHaskwatch/db.py", line 62, in insert_login_data
2025-02-11 23:07:49,779 -     c.execute(
2025-02-11 23:07:49,779 -     ~~~~~~~~~^
2025-02-11 23:07:49,779 -         """
2025-02-11 23:07:49,779 -         ^^^
2025-02-11 23:07:49,779 -     ...<2 lines>...
2025-02-11 23:07:49,779 -         (session_id, username, password, pubkey, timestamp),
2025-02-11 23:07:49,779 -         ^^^^^^^^^^^^^^^^^^^^^^^^^^^^^^^^^^^^^^^^^^^^^^^^^^^^
2025-02-11 23:07:49,779 -     )
2025-02-11 23:07:49,779 -     ^
2025-02-11 23:07:49,779 - sqlite3.OperationalError: database is locked
2025-02-11 23:07:49,779 - 
2025-02-11 23:07:49,780 - Channel connection failed.
2025-02-11 23:09:21,535 - Honeypot listening on 0.0.0.0:2222
2025-02-11 23:09:23,324 - Connection from ('127.0.0.1', 48958)
2025-02-11 23:09:23,325 - Connected (version 2.0, client OpenSSH_9.9)
2025-02-11 23:09:23,334 - Auth rejected (none).
2025-02-11 23:09:23,336 - Login attempt adding to DB: bjames with password: None session_id: 90aa15e697e47487
2025-02-11 23:09:23,341 - Login attempt: bjames with public key: AAAAC3NzaC1lZDI1NTE5AAAAIOjd4iFmqlnSDjrTMDVy1BGEvYVfeR+zfegVtnaVRjGl session_id: 90aa15e697e47487
2025-02-11 23:09:23,344 - Login attempt adding to DB: bjames with password: None session_id: 90aa15e697e47487
2025-02-11 23:09:23,345 - Login attempt: bjames with public key: AAAAC3NzaC1lZDI1NTE5AAAAIOjd4iFmqlnSDjrTMDVy1BGEvYVfeR+zfegVtnaVRjGl session_id: 90aa15e697e47487
2025-02-11 23:09:23,345 - Auth granted (publickey).
2025-02-11 23:09:23,346 - Client connected.
2025-02-11 23:09:33,519 - Client executed: ls
2025-02-11 23:09:35,982 - Client executed: ls
2025-02-11 23:09:39,349 - Client executed: ls -lah
2025-02-11 23:09:41,518 - Client executed: whoami
